<?xml version="1.0" encoding="UTF-8"?>
<!-- Generated by org.testng.reporters.JUnitReportReporter -->
<testsuite hostname="Amrita" failures="0" tests="1" name="testngSession.ExpectedExceptionConcept" time="0.011" errors="0" timestamp="2025-01-06T18:01:50 IST" skipped="0">
  <testcase classname="testngSession.ExpectedExceptionConcept" name="loginTest" time="0.011"/>
</testsuite> <!-- testngSession.ExpectedExceptionConcept -->
