<?xml version="1.0" encoding="UTF-8"?>
<!-- Generated by org.testng.reporters.JUnitReportReporter -->
<testsuite hostname="Amrita" failures="0" tests="6" name="testngSession.LoginPageNegativeTest" time="3.683" errors="0" timestamp="2025-01-07T11:55:28 IST" skipped="0">
  <testcase classname="testngSession.LoginPageNegativeTest" name="loginTest" time="0.682"/>
  <testcase classname="testngSession.LoginPageNegativeTest" name="loginTest" time="0.622"/>
  <testcase classname="testngSession.LoginPageNegativeTest" name="loginTest" time="0.667"/>
  <testcase classname="testngSession.LoginPageNegativeTest" name="loginTest" time="0.575"/>
  <testcase classname="testngSession.LoginPageNegativeTest" name="loginTest" time="0.568"/>
  <testcase classname="testngSession.LoginPageNegativeTest" name="loginTest" time="0.569"/>
</testsuite> <!-- testngSession.LoginPageNegativeTest -->
