<?xml version="1.0" encoding="UTF-8"?>
<!-- Generated by org.testng.reporters.JUnitReportReporter -->
<testsuite hostname="Amrita" failures="0" tests="4" name="testngSession.HomePageTest" time="0.017" errors="0" timestamp="2025-01-06T13:02:54 IST" skipped="0">
  <testcase classname="testngSession.HomePageTest" name="homePageSearchTest" time="0.007"/>
  <testcase classname="testngSession.HomePageTest" name="homePageUrlTest" time="0.004"/>
  <testcase classname="testngSession.HomePageTest" name="homePageTitleTest" time="0.003"/>
  <testcase classname="testngSession.HomePageTest" name="homeViewTest" time="0.003"/>
</testsuite> <!-- testngSession.HomePageTest -->
