<?xml version="1.0" encoding="UTF-8"?>
<!-- Generated by org.testng.reporters.JUnitReportReporter -->
<testsuite hostname="Amrita" failures="0" tests="4" name="testngSession.CURDOperationTest" time="0.012" errors="0" timestamp="2025-01-07T10:26:09 IST" skipped="0">
  <testcase classname="testngSession.CURDOperationTest" name="updateUserTest" time="0.001"/>
  <testcase classname="testngSession.CURDOperationTest" name="createUserTest" time="0.008"/>
  <testcase classname="testngSession.CURDOperationTest" name="deleteUserTest" time="0.001"/>
  <testcase classname="testngSession.CURDOperationTest" name="getUserTest" time="0.002"/>
</testsuite> <!-- testngSession.CURDOperationTest -->
