<?xml version="1.0" encoding="UTF-8"?>
<!-- Generated by org.testng.reporters.JUnitReportReporter -->
<testsuite hostname="Amrita" failures="0" tests="5" name="testngSession.PriorityTest" time="0.012" errors="0" timestamp="2025-01-06T18:15:36 IST" skipped="0">
  <testcase classname="testngSession.PriorityTest" name="e_test" time="0.001"/>
  <testcase classname="testngSession.PriorityTest" name="c_test" time="0.006"/>
  <testcase classname="testngSession.PriorityTest" name="a_test" time="0.002"/>
  <testcase classname="testngSession.PriorityTest" name="d_test" time="0.002"/>
  <testcase classname="testngSession.PriorityTest" name="b_test" time="0.001"/>
</testsuite> <!-- testngSession.PriorityTest -->
