<?xml version="1.0" encoding="UTF-8"?>
<!-- Generated by org.testng.reporters.JUnitReportReporter -->
<testsuite hostname="Amrita" failures="0" tests="3" name="testngSession.OpenCartTest" time="1.110" errors="0" timestamp="2025-01-08T11:32:59 IST" skipped="0">
  <testcase classname="testngSession.OpenCartTest" name="titleTest" time="1.040"/>
  <testcase classname="testngSession.OpenCartTest" name="searchExistTest" time="0.031"/>
  <testcase classname="testngSession.OpenCartTest" name="isHelpExistTest" time="0.039"/>
</testsuite> <!-- testngSession.OpenCartTest -->
