<?xml version="1.0" encoding="UTF-8"?>
<!-- Generated by org.testng.reporters.JUnitReportReporter -->
<testsuite hostname="Amrita" failures="0" tests="3" name="testngSession.AmazonTestWithBM" time="9.552" errors="0" timestamp="2025-01-06T17:34:03 IST" skipped="0">
  <testcase classname="testngSession.AmazonTestWithBM" name="titleTest" time="3.120"/>
  <testcase classname="testngSession.AmazonTestWithBM" name="searchExistTest" time="3.394"/>
  <testcase classname="testngSession.AmazonTestWithBM" name="isHelpExistTest" time="3.038"/>
</testsuite> <!-- testngSession.AmazonTestWithBM -->
