<?xml version="1.0" encoding="UTF-8"?>
<!-- Generated by org.testng.reporters.JUnitReportReporter -->
<testsuite hostname="Amrita" failures="0" tests="10" name="testngSession.InvocationCode" time="0.025" errors="0" timestamp="2025-01-07T10:49:20 IST" skipped="0">
  <testcase classname="testngSession.InvocationCode" name="createUser" time="0.003"/>
  <testcase classname="testngSession.InvocationCode" name="createUser" time="0.003"/>
  <testcase classname="testngSession.InvocationCode" name="createUser" time="0.007"/>
  <testcase classname="testngSession.InvocationCode" name="createUser" time="0.001"/>
  <testcase classname="testngSession.InvocationCode" name="createUser" time="0.002"/>
  <testcase classname="testngSession.InvocationCode" name="createUser" time="0.003"/>
  <testcase classname="testngSession.InvocationCode" name="createUser" time="0.001"/>
  <testcase classname="testngSession.InvocationCode" name="createUser" time="0.002"/>
  <testcase classname="testngSession.InvocationCode" name="createUser" time="0.001"/>
  <testcase classname="testngSession.InvocationCode" name="createUser" time="0.002"/>
</testsuite> <!-- testngSession.InvocationCode -->
