<?xml version="1.0" encoding="UTF-8"?>
<!-- Generated by org.testng.reporters.JUnitReportReporter -->
<testsuite hostname="Amrita" failures="0" tests="2" name="testngSession.GoogleTest" time="0.761" errors="0" timestamp="2025-01-08T11:32:59 IST" skipped="0">
  <testcase classname="testngSession.GoogleTest" name="titleTest" time="0.709"/>
  <testcase classname="testngSession.GoogleTest" name="searchExistTest" time="0.052"/>
</testsuite> <!-- testngSession.GoogleTest -->
