<?xml version="1.0" encoding="UTF-8"?>
<!-- Generated by org.testng.reporters.JUnitReportReporter -->
<testsuite hostname="Amrita" failures="0" tests="3" name="testngSession.TestDependency" time="0.009" errors="0" timestamp="2025-01-06T19:26:48 IST" skipped="0">
  <testcase classname="testngSession.TestDependency" name="addToCard" time="0.001"/>
  <testcase classname="testngSession.TestDependency" name="searchTest" time="0.006"/>
  <testcase classname="testngSession.TestDependency" name="makePayment" time="0.002"/>
</testsuite> <!-- testngSession.TestDependency -->
